
> vibe-generated-app@1.0.0 dev
> vite


  VITE v5.4.20  ready in 230 ms

  ➜  Local:   http://localhost:3000/
  ➜  Network: http://172.20.11.187:3000/
DEPRECATION WARNING [legacy-js-api]: The legacy JS API is deprecated and will be removed in Dart Sass 2.0.0.

More info: https://sass-lang.com/d/legacy-js-api

DEPRECATION WARNING [global-builtin]: Global built-in functions are deprecated and will be removed in Dart Sass 3.0.0.
Use color.adjust instead.

More info and automated migrator: https://sass-lang.com/d/import

   ╷
29 │     &:hover { background: lighten($primary, 3%); }
   │                           ^^^^^^^^^^^^^^^^^^^^^
   ╵
    src/styles/main.scss 29:27  root stylesheet

DEPRECATION WARNING [color-functions]: lighten() is deprecated. Suggestions:

color.scale($color, $lightness: 6.1943319838%)
color.adjust($color, $lightness: 3%)

More info: https://sass-lang.com/d/color-functions

   ╷
29 │     &:hover { background: lighten($primary, 3%); }
   │                           ^^^^^^^^^^^^^^^^^^^^^
   ╵
    src/styles/main.scss 29:27  root stylesheet

